0 info it worked if it ends with ok
1 verbose cli [ 'node', '/usr/local/bin/npm', 'publish', './' ]
2 info using npm@2.11.0
3 info using node@v0.12.4
4 verbose publish [ './' ]
5 verbose stack Error: Failed to parse json
5 verbose stack Unexpected token '\'' at 13:5
5 verbose stack     'dancing',
5 verbose stack     ^
5 verbose stack     at parseError (/usr/local/lib/node_modules/npm/node_modules/read-package-json/read-json.js:379:11)
5 verbose stack     at parseJson (/usr/local/lib/node_modules/npm/node_modules/read-package-json/read-json.js:68:23)
5 verbose stack     at /usr/local/lib/node_modules/npm/node_modules/read-package-json/read-json.js:48:5
5 verbose stack     at evalmachine.<anonymous>:334:14
5 verbose stack     at /usr/local/lib/node_modules/npm/node_modules/graceful-fs/graceful-fs.js:102:5
5 verbose stack     at FSReqWrap.oncomplete (evalmachine.<anonymous>:95:15)
6 verbose cwd /home/dante/Documents/Programming/nodejs/dancing-bear
7 error Linux 3.13.0-37-generic
8 error argv "node" "/usr/local/bin/npm" "publish" "./"
9 error node v0.12.4
10 error npm  v2.11.0
11 error file /home/dante/Documents/Programming/nodejs/dancing-bear/package.json
12 error code EJSONPARSE
13 error Failed to parse json
13 error Unexpected token '\'' at 13:5
13 error     'dancing',
13 error     ^
14 error File: /home/dante/Documents/Programming/nodejs/dancing-bear/package.json
15 error Failed to parse package.json data.
15 error package.json must be actual JSON, not just JavaScript.
15 error
15 error This is not a bug in npm.
15 error Tell the package author to fix their package.json file. JSON.parse
16 verbose exit [ 1, true ]
